-------------------------------------------------------------------------------
Test set: hellocucumber.RunCucumberTest
-------------------------------------------------------------------------------
Tests run: 1, Failures: 0, Errors: 1, Skipped: 0, Time elapsed: 0.073 s <<< FAILURE! - in hellocucumber.RunCucumberTest
Is it Friday yet?.Sunday isn't Friday  Time elapsed: 0.026 s  <<< ERROR!
io.cucumber.java.PendingException: TODO: implement me
	at hellocucumber.StepDefinitions.today_is_sunday(StepDefinitions.java:12)
	at âœ½.today is Sunday(classpath:hellocucumber/is_it_friday_yet.feature:5)

